<?xml version="1.0" encoding="UTF-8"?>
<!-- Generated by org.testng.reporters.JUnitReportReporter -->
<testsuite skipped="0" hostname="LAPTOP-J1BHJ82K" name="org.task_7_1_21.MainProgram_Amazon" tests="1" failures="0" timestamp="08 Jan 2021 14:01:19 GMT" time="8.202" errors="0">
  <testcase name="test" time="8.202" classname="org.task_7_1_21.MainProgram_Amazon"/>
</testsuite> <!-- org.task_7_1_21.MainProgram_Amazon -->
