<?xml version="1.0" encoding="UTF-8"?>
<!-- Generated by org.testng.reporters.JUnitReportReporter -->
<testsuite skipped="0" hostname="LAPTOP-J1BHJ82K" name="org.sampletest.SampleTest" tests="1" failures="0" timestamp="09 Jan 2021 04:37:46 GMT" time="0.274" errors="0">
  <testcase name="testMethod" time="0.274" classname="org.sampletest.SampleTest"/>
</testsuite> <!-- org.sampletest.SampleTest -->
