<?xml version="1.0" encoding="UTF-8"?>
<!-- Generated by org.testng.reporters.JUnitReportReporter -->
<testsuite skipped="0" hostname="LAPTOP-J1BHJ82K" name="org.sampletest.SampleTest3" tests="5" failures="0" timestamp="09 Jan 2021 04:01:21 GMT" time="0.031" errors="0">
  <testcase name="testMethod1" time="0.023" classname="org.sampletest.SampleTest3"/>
  <testcase name="testMethod2" time="0.000" classname="org.sampletest.SampleTest3"/>
  <testcase name="testMethod3" time="0.008" classname="org.sampletest.SampleTest3"/>
  <testcase name="testMrthod5" time="0.000" classname="org.sampletest.SampleTest3"/>
  <testcase name="testMethod4" time="0.000" classname="org.sampletest.SampleTest3"/>
</testsuite> <!-- org.sampletest.SampleTest3 -->
